<?xml version="1.0" encoding="UTF-8"?>
<!-- Generated by org.testng.reporters.JUnitXMLReporter -->
<testsuite ignored="2" hostname="SourabhKankekar" failures="0" tests="2" name="Test" time="0.057" errors="0" timestamp="2022-06-16T17:45:28 IST">
  <testcase classname="TestNG.Test_5_regression_sanity" name="Test_001" time="0.01"/>
  <testcase classname="TestNG.Test_5_regression_sanity" name="Test_003" time="0.001"/>
  <testcase classname="TestNG.Test_5_regression_sanity" name="Test_002" time="0.0">
    <ignored/>
  </testcase> <!-- Test_002 -->
  <testcase classname="TestNG.Test_5_regression_sanity" name="Test_004" time="0.0">
    <ignored/>
  </testcase> <!-- Test_004 -->
</testsuite> <!-- Test -->
